2024-11-07T19:32:06.468995+00:00 ERROR 'ansible_navigator.actions.collections._parse' /root/redhat-lab/collections/ansible_collections/redhat/satellite/roles/activation_keys/meta/argument_specs.yml Failed to find argument_specs.yml for role in redhat.satellite.
2024-11-07T19:32:06.469376+00:00 ERROR 'ansible_navigator.actions.collections._parse' /root/redhat-lab/collections/ansible_collections/redhat/satellite/roles/activation_keys/meta/main.yml Failed to find main.yml for role in redhat.satellite.
2024-11-07T19:32:06.469425+00:00 ERROR 'ansible_navigator.actions.collections._parse' /root/redhat-lab/collections/ansible_collections/redhat/satellite/roles/auth_sources_ldap/meta/argument_specs.yml Failed to find argument_specs.yml for role in redhat.satellite.
2024-11-07T19:32:06.469445+00:00 ERROR 'ansible_navigator.actions.collections._parse' /root/redhat-lab/collections/ansible_collections/redhat/satellite/roles/auth_sources_ldap/meta/main.yml Failed to find main.yml for role in redhat.satellite.
2024-11-07T19:32:06.469460+00:00 ERROR 'ansible_navigator.actions.collections._parse' /root/redhat-lab/collections/ansible_collections/redhat/satellite/roles/compute_profiles/meta/argument_specs.yml Failed to find argument_specs.yml for role in redhat.satellite.
2024-11-07T19:32:06.469475+00:00 ERROR 'ansible_navigator.actions.collections._parse' /root/redhat-lab/collections/ansible_collections/redhat/satellite/roles/compute_profiles/meta/main.yml Failed to find main.yml for role in redhat.satellite.
2024-11-07T19:32:06.469488+00:00 ERROR 'ansible_navigator.actions.collections._parse' /root/redhat-lab/collections/ansible_collections/redhat/satellite/roles/compute_resources/meta/argument_specs.yml Failed to find argument_specs.yml for role in redhat.satellite.
2024-11-07T19:32:06.469500+00:00 ERROR 'ansible_navigator.actions.collections._parse' /root/redhat-lab/collections/ansible_collections/redhat/satellite/roles/compute_resources/meta/main.yml Failed to find main.yml for role in redhat.satellite.
2024-11-07T19:32:06.469513+00:00 ERROR 'ansible_navigator.actions.collections._parse' /root/redhat-lab/collections/ansible_collections/redhat/satellite/roles/content_credentials/meta/argument_specs.yml Failed to find argument_specs.yml for role in redhat.satellite.
2024-11-07T19:32:06.469525+00:00 ERROR 'ansible_navigator.actions.collections._parse' /root/redhat-lab/collections/ansible_collections/redhat/satellite/roles/content_credentials/meta/main.yml Failed to find main.yml for role in redhat.satellite.
2024-11-07T19:32:06.469537+00:00 ERROR 'ansible_navigator.actions.collections._parse' /root/redhat-lab/collections/ansible_collections/redhat/satellite/roles/content_rhel/meta/argument_specs.yml Failed to find argument_specs.yml for role in redhat.satellite.
2024-11-07T19:32:06.469549+00:00 ERROR 'ansible_navigator.actions.collections._parse' /root/redhat-lab/collections/ansible_collections/redhat/satellite/roles/content_rhel/meta/main.yml Failed to find main.yml for role in redhat.satellite.
2024-11-07T19:32:06.469564+00:00 ERROR 'ansible_navigator.actions.collections._parse' /root/redhat-lab/collections/ansible_collections/redhat/satellite/roles/content_view_publish/meta/argument_specs.yml Failed to find argument_specs.yml for role in redhat.satellite.
2024-11-07T19:32:06.469574+00:00 ERROR 'ansible_navigator.actions.collections._parse' /root/redhat-lab/collections/ansible_collections/redhat/satellite/roles/content_view_publish/meta/main.yml Failed to find main.yml for role in redhat.satellite.
2024-11-07T19:32:06.469584+00:00 ERROR 'ansible_navigator.actions.collections._parse' /root/redhat-lab/collections/ansible_collections/redhat/satellite/roles/content_view_version_cleanup/meta/argument_specs.yml Failed to find argument_specs.yml for role in redhat.satellite.
2024-11-07T19:32:06.469595+00:00 ERROR 'ansible_navigator.actions.collections._parse' /root/redhat-lab/collections/ansible_collections/redhat/satellite/roles/content_view_version_cleanup/meta/main.yml Failed to find main.yml for role in redhat.satellite.
2024-11-07T19:32:06.469606+00:00 ERROR 'ansible_navigator.actions.collections._parse' /root/redhat-lab/collections/ansible_collections/redhat/satellite/roles/content_views/meta/argument_specs.yml Failed to find argument_specs.yml for role in redhat.satellite.
2024-11-07T19:32:06.469622+00:00 ERROR 'ansible_navigator.actions.collections._parse' /root/redhat-lab/collections/ansible_collections/redhat/satellite/roles/content_views/meta/main.yml Failed to find main.yml for role in redhat.satellite.
2024-11-07T19:32:06.469633+00:00 ERROR 'ansible_navigator.actions.collections._parse' /root/redhat-lab/collections/ansible_collections/redhat/satellite/roles/convert2rhel/meta/argument_specs.yml Failed to find argument_specs.yml for role in redhat.satellite.
2024-11-07T19:32:06.469644+00:00 ERROR 'ansible_navigator.actions.collections._parse' /root/redhat-lab/collections/ansible_collections/redhat/satellite/roles/convert2rhel/meta/main.yml Failed to find main.yml for role in redhat.satellite.
2024-11-07T19:32:06.469654+00:00 ERROR 'ansible_navigator.actions.collections._parse' /root/redhat-lab/collections/ansible_collections/redhat/satellite/roles/domains/meta/argument_specs.yml Failed to find argument_specs.yml for role in redhat.satellite.
2024-11-07T19:32:06.469664+00:00 ERROR 'ansible_navigator.actions.collections._parse' /root/redhat-lab/collections/ansible_collections/redhat/satellite/roles/domains/meta/main.yml Failed to find main.yml for role in redhat.satellite.
2024-11-07T19:32:06.469674+00:00 ERROR 'ansible_navigator.actions.collections._parse' /root/redhat-lab/collections/ansible_collections/redhat/satellite/roles/hostgroups/meta/argument_specs.yml Failed to find argument_specs.yml for role in redhat.satellite.
2024-11-07T19:32:06.469684+00:00 ERROR 'ansible_navigator.actions.collections._parse' /root/redhat-lab/collections/ansible_collections/redhat/satellite/roles/hostgroups/meta/main.yml Failed to find main.yml for role in redhat.satellite.
2024-11-07T19:32:06.469695+00:00 ERROR 'ansible_navigator.actions.collections._parse' /root/redhat-lab/collections/ansible_collections/redhat/satellite/roles/lifecycle_environments/meta/argument_specs.yml Failed to find argument_specs.yml for role in redhat.satellite.
2024-11-07T19:32:06.469705+00:00 ERROR 'ansible_navigator.actions.collections._parse' /root/redhat-lab/collections/ansible_collections/redhat/satellite/roles/lifecycle_environments/meta/main.yml Failed to find main.yml for role in redhat.satellite.
2024-11-07T19:32:06.469716+00:00 ERROR 'ansible_navigator.actions.collections._parse' /root/redhat-lab/collections/ansible_collections/redhat/satellite/roles/locations/meta/argument_specs.yml Failed to find argument_specs.yml for role in redhat.satellite.
2024-11-07T19:32:06.469727+00:00 ERROR 'ansible_navigator.actions.collections._parse' /root/redhat-lab/collections/ansible_collections/redhat/satellite/roles/locations/meta/main.yml Failed to find main.yml for role in redhat.satellite.
2024-11-07T19:32:06.469736+00:00 ERROR 'ansible_navigator.actions.collections._parse' /root/redhat-lab/collections/ansible_collections/redhat/satellite/roles/manifest/meta/argument_specs.yml Failed to find argument_specs.yml for role in redhat.satellite.
2024-11-07T19:32:06.469746+00:00 ERROR 'ansible_navigator.actions.collections._parse' /root/redhat-lab/collections/ansible_collections/redhat/satellite/roles/manifest/meta/main.yml Failed to find main.yml for role in redhat.satellite.
2024-11-07T19:32:06.469756+00:00 ERROR 'ansible_navigator.actions.collections._parse' /root/redhat-lab/collections/ansible_collections/redhat/satellite/roles/operatingsystems/meta/argument_specs.yml Failed to find argument_specs.yml for role in redhat.satellite.
2024-11-07T19:32:06.469766+00:00 ERROR 'ansible_navigator.actions.collections._parse' /root/redhat-lab/collections/ansible_collections/redhat/satellite/roles/operatingsystems/meta/main.yml Failed to find main.yml for role in redhat.satellite.
2024-11-07T19:32:06.469775+00:00 ERROR 'ansible_navigator.actions.collections._parse' /root/redhat-lab/collections/ansible_collections/redhat/satellite/roles/organizations/meta/argument_specs.yml Failed to find argument_specs.yml for role in redhat.satellite.
2024-11-07T19:32:06.469791+00:00 ERROR 'ansible_navigator.actions.collections._parse' /root/redhat-lab/collections/ansible_collections/redhat/satellite/roles/organizations/meta/main.yml Failed to find main.yml for role in redhat.satellite.
2024-11-07T19:32:06.469821+00:00 ERROR 'ansible_navigator.actions.collections._parse' /root/redhat-lab/collections/ansible_collections/redhat/satellite/roles/provisioning_templates/meta/argument_specs.yml Failed to find argument_specs.yml for role in redhat.satellite.
2024-11-07T19:32:06.469843+00:00 ERROR 'ansible_navigator.actions.collections._parse' /root/redhat-lab/collections/ansible_collections/redhat/satellite/roles/provisioning_templates/meta/main.yml Failed to find main.yml for role in redhat.satellite.
2024-11-07T19:32:06.469857+00:00 ERROR 'ansible_navigator.actions.collections._parse' /root/redhat-lab/collections/ansible_collections/redhat/satellite/roles/repositories/meta/argument_specs.yml Failed to find argument_specs.yml for role in redhat.satellite.
2024-11-07T19:32:06.469869+00:00 ERROR 'ansible_navigator.actions.collections._parse' /root/redhat-lab/collections/ansible_collections/redhat/satellite/roles/repositories/meta/main.yml Failed to find main.yml for role in redhat.satellite.
2024-11-07T19:32:06.469880+00:00 ERROR 'ansible_navigator.actions.collections._parse' /root/redhat-lab/collections/ansible_collections/redhat/satellite/roles/settings/meta/argument_specs.yml Failed to find argument_specs.yml for role in redhat.satellite.
2024-11-07T19:32:06.469891+00:00 ERROR 'ansible_navigator.actions.collections._parse' /root/redhat-lab/collections/ansible_collections/redhat/satellite/roles/settings/meta/main.yml Failed to find main.yml for role in redhat.satellite.
2024-11-07T19:32:06.469902+00:00 ERROR 'ansible_navigator.actions.collections._parse' /root/redhat-lab/collections/ansible_collections/redhat/satellite/roles/subnets/meta/argument_specs.yml Failed to find argument_specs.yml for role in redhat.satellite.
2024-11-07T19:32:06.469913+00:00 ERROR 'ansible_navigator.actions.collections._parse' /root/redhat-lab/collections/ansible_collections/redhat/satellite/roles/subnets/meta/main.yml Failed to find main.yml for role in redhat.satellite.
2024-11-07T19:32:06.469923+00:00 ERROR 'ansible_navigator.actions.collections._parse' /root/redhat-lab/collections/ansible_collections/redhat/satellite/roles/sync_plans/meta/argument_specs.yml Failed to find argument_specs.yml for role in redhat.satellite.
2024-11-07T19:32:06.469933+00:00 ERROR 'ansible_navigator.actions.collections._parse' /root/redhat-lab/collections/ansible_collections/redhat/satellite/roles/sync_plans/meta/main.yml Failed to find main.yml for role in redhat.satellite.
2024-11-07T19:32:24.739782+00:00 ERROR 'ansible_navigator.actions.collections._parse' /root/redhat-lab/collections/ansible_collections/redhat/satellite/roles/activation_keys/meta/argument_specs.yml Failed to find argument_specs.yml for role in redhat.satellite.
2024-11-07T19:32:24.740104+00:00 ERROR 'ansible_navigator.actions.collections._parse' /root/redhat-lab/collections/ansible_collections/redhat/satellite/roles/activation_keys/meta/main.yml Failed to find main.yml for role in redhat.satellite.
2024-11-07T19:32:24.740133+00:00 ERROR 'ansible_navigator.actions.collections._parse' /root/redhat-lab/collections/ansible_collections/redhat/satellite/roles/auth_sources_ldap/meta/argument_specs.yml Failed to find argument_specs.yml for role in redhat.satellite.
2024-11-07T19:32:24.740149+00:00 ERROR 'ansible_navigator.actions.collections._parse' /root/redhat-lab/collections/ansible_collections/redhat/satellite/roles/auth_sources_ldap/meta/main.yml Failed to find main.yml for role in redhat.satellite.
2024-11-07T19:32:24.740161+00:00 ERROR 'ansible_navigator.actions.collections._parse' /root/redhat-lab/collections/ansible_collections/redhat/satellite/roles/compute_profiles/meta/argument_specs.yml Failed to find argument_specs.yml for role in redhat.satellite.
2024-11-07T19:32:24.740181+00:00 ERROR 'ansible_navigator.actions.collections._parse' /root/redhat-lab/collections/ansible_collections/redhat/satellite/roles/compute_profiles/meta/main.yml Failed to find main.yml for role in redhat.satellite.
2024-11-07T19:32:24.740192+00:00 ERROR 'ansible_navigator.actions.collections._parse' /root/redhat-lab/collections/ansible_collections/redhat/satellite/roles/compute_resources/meta/argument_specs.yml Failed to find argument_specs.yml for role in redhat.satellite.
2024-11-07T19:32:24.740201+00:00 ERROR 'ansible_navigator.actions.collections._parse' /root/redhat-lab/collections/ansible_collections/redhat/satellite/roles/compute_resources/meta/main.yml Failed to find main.yml for role in redhat.satellite.
2024-11-07T19:32:24.740213+00:00 ERROR 'ansible_navigator.actions.collections._parse' /root/redhat-lab/collections/ansible_collections/redhat/satellite/roles/content_credentials/meta/argument_specs.yml Failed to find argument_specs.yml for role in redhat.satellite.
2024-11-07T19:32:24.740222+00:00 ERROR 'ansible_navigator.actions.collections._parse' /root/redhat-lab/collections/ansible_collections/redhat/satellite/roles/content_credentials/meta/main.yml Failed to find main.yml for role in redhat.satellite.
2024-11-07T19:32:24.740232+00:00 ERROR 'ansible_navigator.actions.collections._parse' /root/redhat-lab/collections/ansible_collections/redhat/satellite/roles/content_rhel/meta/argument_specs.yml Failed to find argument_specs.yml for role in redhat.satellite.
2024-11-07T19:32:24.740247+00:00 ERROR 'ansible_navigator.actions.collections._parse' /root/redhat-lab/collections/ansible_collections/redhat/satellite/roles/content_rhel/meta/main.yml Failed to find main.yml for role in redhat.satellite.
2024-11-07T19:32:24.740258+00:00 ERROR 'ansible_navigator.actions.collections._parse' /root/redhat-lab/collections/ansible_collections/redhat/satellite/roles/content_view_publish/meta/argument_specs.yml Failed to find argument_specs.yml for role in redhat.satellite.
2024-11-07T19:32:24.740267+00:00 ERROR 'ansible_navigator.actions.collections._parse' /root/redhat-lab/collections/ansible_collections/redhat/satellite/roles/content_view_publish/meta/main.yml Failed to find main.yml for role in redhat.satellite.
2024-11-07T19:32:24.740276+00:00 ERROR 'ansible_navigator.actions.collections._parse' /root/redhat-lab/collections/ansible_collections/redhat/satellite/roles/content_view_version_cleanup/meta/argument_specs.yml Failed to find argument_specs.yml for role in redhat.satellite.
2024-11-07T19:32:24.740285+00:00 ERROR 'ansible_navigator.actions.collections._parse' /root/redhat-lab/collections/ansible_collections/redhat/satellite/roles/content_view_version_cleanup/meta/main.yml Failed to find main.yml for role in redhat.satellite.
2024-11-07T19:32:24.740294+00:00 ERROR 'ansible_navigator.actions.collections._parse' /root/redhat-lab/collections/ansible_collections/redhat/satellite/roles/content_views/meta/argument_specs.yml Failed to find argument_specs.yml for role in redhat.satellite.
2024-11-07T19:32:24.740303+00:00 ERROR 'ansible_navigator.actions.collections._parse' /root/redhat-lab/collections/ansible_collections/redhat/satellite/roles/content_views/meta/main.yml Failed to find main.yml for role in redhat.satellite.
2024-11-07T19:32:24.740311+00:00 ERROR 'ansible_navigator.actions.collections._parse' /root/redhat-lab/collections/ansible_collections/redhat/satellite/roles/convert2rhel/meta/argument_specs.yml Failed to find argument_specs.yml for role in redhat.satellite.
2024-11-07T19:32:24.740320+00:00 ERROR 'ansible_navigator.actions.collections._parse' /root/redhat-lab/collections/ansible_collections/redhat/satellite/roles/convert2rhel/meta/main.yml Failed to find main.yml for role in redhat.satellite.
2024-11-07T19:32:24.740329+00:00 ERROR 'ansible_navigator.actions.collections._parse' /root/redhat-lab/collections/ansible_collections/redhat/satellite/roles/domains/meta/argument_specs.yml Failed to find argument_specs.yml for role in redhat.satellite.
2024-11-07T19:32:24.740349+00:00 ERROR 'ansible_navigator.actions.collections._parse' /root/redhat-lab/collections/ansible_collections/redhat/satellite/roles/domains/meta/main.yml Failed to find main.yml for role in redhat.satellite.
2024-11-07T19:32:24.740360+00:00 ERROR 'ansible_navigator.actions.collections._parse' /root/redhat-lab/collections/ansible_collections/redhat/satellite/roles/hostgroups/meta/argument_specs.yml Failed to find argument_specs.yml for role in redhat.satellite.
2024-11-07T19:32:24.740370+00:00 ERROR 'ansible_navigator.actions.collections._parse' /root/redhat-lab/collections/ansible_collections/redhat/satellite/roles/hostgroups/meta/main.yml Failed to find main.yml for role in redhat.satellite.
2024-11-07T19:32:24.740381+00:00 ERROR 'ansible_navigator.actions.collections._parse' /root/redhat-lab/collections/ansible_collections/redhat/satellite/roles/lifecycle_environments/meta/argument_specs.yml Failed to find argument_specs.yml for role in redhat.satellite.
2024-11-07T19:32:24.740390+00:00 ERROR 'ansible_navigator.actions.collections._parse' /root/redhat-lab/collections/ansible_collections/redhat/satellite/roles/lifecycle_environments/meta/main.yml Failed to find main.yml for role in redhat.satellite.
2024-11-07T19:32:24.740399+00:00 ERROR 'ansible_navigator.actions.collections._parse' /root/redhat-lab/collections/ansible_collections/redhat/satellite/roles/locations/meta/argument_specs.yml Failed to find argument_specs.yml for role in redhat.satellite.
2024-11-07T19:32:24.740409+00:00 ERROR 'ansible_navigator.actions.collections._parse' /root/redhat-lab/collections/ansible_collections/redhat/satellite/roles/locations/meta/main.yml Failed to find main.yml for role in redhat.satellite.
2024-11-07T19:32:24.740418+00:00 ERROR 'ansible_navigator.actions.collections._parse' /root/redhat-lab/collections/ansible_collections/redhat/satellite/roles/manifest/meta/argument_specs.yml Failed to find argument_specs.yml for role in redhat.satellite.
2024-11-07T19:32:24.740430+00:00 ERROR 'ansible_navigator.actions.collections._parse' /root/redhat-lab/collections/ansible_collections/redhat/satellite/roles/manifest/meta/main.yml Failed to find main.yml for role in redhat.satellite.
2024-11-07T19:32:24.740439+00:00 ERROR 'ansible_navigator.actions.collections._parse' /root/redhat-lab/collections/ansible_collections/redhat/satellite/roles/operatingsystems/meta/argument_specs.yml Failed to find argument_specs.yml for role in redhat.satellite.
2024-11-07T19:32:24.740448+00:00 ERROR 'ansible_navigator.actions.collections._parse' /root/redhat-lab/collections/ansible_collections/redhat/satellite/roles/operatingsystems/meta/main.yml Failed to find main.yml for role in redhat.satellite.
2024-11-07T19:32:24.740457+00:00 ERROR 'ansible_navigator.actions.collections._parse' /root/redhat-lab/collections/ansible_collections/redhat/satellite/roles/organizations/meta/argument_specs.yml Failed to find argument_specs.yml for role in redhat.satellite.
2024-11-07T19:32:24.740466+00:00 ERROR 'ansible_navigator.actions.collections._parse' /root/redhat-lab/collections/ansible_collections/redhat/satellite/roles/organizations/meta/main.yml Failed to find main.yml for role in redhat.satellite.
2024-11-07T19:32:24.740475+00:00 ERROR 'ansible_navigator.actions.collections._parse' /root/redhat-lab/collections/ansible_collections/redhat/satellite/roles/provisioning_templates/meta/argument_specs.yml Failed to find argument_specs.yml for role in redhat.satellite.
2024-11-07T19:32:24.740484+00:00 ERROR 'ansible_navigator.actions.collections._parse' /root/redhat-lab/collections/ansible_collections/redhat/satellite/roles/provisioning_templates/meta/main.yml Failed to find main.yml for role in redhat.satellite.
2024-11-07T19:32:24.740493+00:00 ERROR 'ansible_navigator.actions.collections._parse' /root/redhat-lab/collections/ansible_collections/redhat/satellite/roles/repositories/meta/argument_specs.yml Failed to find argument_specs.yml for role in redhat.satellite.
2024-11-07T19:32:24.740503+00:00 ERROR 'ansible_navigator.actions.collections._parse' /root/redhat-lab/collections/ansible_collections/redhat/satellite/roles/repositories/meta/main.yml Failed to find main.yml for role in redhat.satellite.
2024-11-07T19:32:24.740521+00:00 ERROR 'ansible_navigator.actions.collections._parse' /root/redhat-lab/collections/ansible_collections/redhat/satellite/roles/settings/meta/argument_specs.yml Failed to find argument_specs.yml for role in redhat.satellite.
2024-11-07T19:32:24.740534+00:00 ERROR 'ansible_navigator.actions.collections._parse' /root/redhat-lab/collections/ansible_collections/redhat/satellite/roles/settings/meta/main.yml Failed to find main.yml for role in redhat.satellite.
2024-11-07T19:32:24.740543+00:00 ERROR 'ansible_navigator.actions.collections._parse' /root/redhat-lab/collections/ansible_collections/redhat/satellite/roles/subnets/meta/argument_specs.yml Failed to find argument_specs.yml for role in redhat.satellite.
2024-11-07T19:32:24.740552+00:00 ERROR 'ansible_navigator.actions.collections._parse' /root/redhat-lab/collections/ansible_collections/redhat/satellite/roles/subnets/meta/main.yml Failed to find main.yml for role in redhat.satellite.
2024-11-07T19:32:24.740560+00:00 ERROR 'ansible_navigator.actions.collections._parse' /root/redhat-lab/collections/ansible_collections/redhat/satellite/roles/sync_plans/meta/argument_specs.yml Failed to find argument_specs.yml for role in redhat.satellite.
2024-11-07T19:32:24.740569+00:00 ERROR 'ansible_navigator.actions.collections._parse' /root/redhat-lab/collections/ansible_collections/redhat/satellite/roles/sync_plans/meta/main.yml Failed to find main.yml for role in redhat.satellite.
2024-11-07T19:32:27.015064+00:00 ERROR 'ansible_navigator.actions.collections._build_collection_content_menu' error loading plugin doc {'path': 'plugins/callback/default_without_diff.py', 'type': 'callback'}
Traceback (most recent call last):
  File "/usr/local/lib/python3.13/site-packages/ansible_navigator/actions/collections.py", line 306, in _build_collection_content_menu
    plugin = loaded["plugin"]
             ~~~~~~^^^^^^^^^^
KeyError: 'plugin'
2024-11-07T19:32:27.017520+00:00 ERROR 'ansible_navigator.actions.collections._build_collection_content_menu' error loading plugin doc {'path': 'plugins/callback/timestamp.py', 'type': 'callback'}
Traceback (most recent call last):
  File "/usr/local/lib/python3.13/site-packages/ansible_navigator/actions/collections.py", line 306, in _build_collection_content_menu
    plugin = loaded["plugin"]
             ~~~~~~^^^^^^^^^^
KeyError: 'plugin'
2024-11-07T19:32:27.020855+00:00 ERROR 'ansible_navigator.actions.collections._build_collection_content_menu' error loading plugin doc {'path': 'plugins/lookup/onepassword.py', 'type': 'lookup'}
Traceback (most recent call last):
  File "/usr/local/lib/python3.13/site-packages/ansible_navigator/actions/collections.py", line 306, in _build_collection_content_menu
    plugin = loaded["plugin"]
             ~~~~~~^^^^^^^^^^
KeyError: 'plugin'
2024-11-07T19:32:27.021071+00:00 ERROR 'ansible_navigator.actions.collections._build_collection_content_menu' error loading plugin doc {'path': 'plugins/lookup/onepassword_doc.py', 'type': 'lookup'}
Traceback (most recent call last):
  File "/usr/local/lib/python3.13/site-packages/ansible_navigator/actions/collections.py", line 306, in _build_collection_content_menu
    plugin = loaded["plugin"]
             ~~~~~~^^^^^^^^^^
KeyError: 'plugin'
2024-11-07T19:32:27.021214+00:00 ERROR 'ansible_navigator.actions.collections._build_collection_content_menu' error loading plugin doc {'path': 'plugins/lookup/onepassword_raw.py', 'type': 'lookup'}
Traceback (most recent call last):
  File "/usr/local/lib/python3.13/site-packages/ansible_navigator/actions/collections.py", line 306, in _build_collection_content_menu
    plugin = loaded["plugin"]
             ~~~~~~^^^^^^^^^^
KeyError: 'plugin'
2024-11-07T19:32:27.024060+00:00 ERROR 'ansible_navigator.actions.collections._build_collection_content_menu' error loading plugin doc {'path': 'plugins/modules/datadog_downtime.py', 'type': 'module'}
Traceback (most recent call last):
  File "/usr/local/lib/python3.13/site-packages/ansible_navigator/actions/collections.py", line 306, in _build_collection_content_menu
    plugin = loaded["plugin"]
             ~~~~~~^^^^^^^^^^
KeyError: 'plugin'
2024-11-07T19:32:27.026694+00:00 ERROR 'ansible_navigator.actions.collections._build_collection_content_menu' error loading plugin doc {'path': 'plugins/modules/hwc_ecs_instance.py', 'type': 'module'}
Traceback (most recent call last):
  File "/usr/local/lib/python3.13/site-packages/ansible_navigator/actions/collections.py", line 306, in _build_collection_content_menu
    plugin = loaded["plugin"]
             ~~~~~~^^^^^^^^^^
KeyError: 'plugin'
2024-11-07T19:32:27.026855+00:00 ERROR 'ansible_navigator.actions.collections._build_collection_content_menu' error loading plugin doc {'path': 'plugins/modules/hwc_evs_disk.py', 'type': 'module'}
Traceback (most recent call last):
  File "/usr/local/lib/python3.13/site-packages/ansible_navigator/actions/collections.py", line 306, in _build_collection_content_menu
    plugin = loaded["plugin"]
             ~~~~~~^^^^^^^^^^
KeyError: 'plugin'
2024-11-07T19:32:27.026977+00:00 ERROR 'ansible_navigator.actions.collections._build_collection_content_menu' error loading plugin doc {'path': 'plugins/modules/hwc_network_vpc.py', 'type': 'module'}
Traceback (most recent call last):
  File "/usr/local/lib/python3.13/site-packages/ansible_navigator/actions/collections.py", line 306, in _build_collection_content_menu
    plugin = loaded["plugin"]
             ~~~~~~^^^^^^^^^^
KeyError: 'plugin'
2024-11-07T19:32:27.027117+00:00 ERROR 'ansible_navigator.actions.collections._build_collection_content_menu' error loading plugin doc {'path': 'plugins/modules/hwc_vpc_eip.py', 'type': 'module'}
Traceback (most recent call last):
  File "/usr/local/lib/python3.13/site-packages/ansible_navigator/actions/collections.py", line 306, in _build_collection_content_menu
    plugin = loaded["plugin"]
             ~~~~~~^^^^^^^^^^
KeyError: 'plugin'
2024-11-07T19:32:27.027248+00:00 ERROR 'ansible_navigator.actions.collections._build_collection_content_menu' error loading plugin doc {'path': 'plugins/modules/hwc_vpc_peering_connect.py', 'type': 'module'}
Traceback (most recent call last):
  File "/usr/local/lib/python3.13/site-packages/ansible_navigator/actions/collections.py", line 306, in _build_collection_content_menu
    plugin = loaded["plugin"]
             ~~~~~~^^^^^^^^^^
KeyError: 'plugin'
2024-11-07T19:32:27.027367+00:00 ERROR 'ansible_navigator.actions.collections._build_collection_content_menu' error loading plugin doc {'path': 'plugins/modules/hwc_vpc_port.py', 'type': 'module'}
Traceback (most recent call last):
  File "/usr/local/lib/python3.13/site-packages/ansible_navigator/actions/collections.py", line 306, in _build_collection_content_menu
    plugin = loaded["plugin"]
             ~~~~~~^^^^^^^^^^
KeyError: 'plugin'
2024-11-07T19:32:27.027481+00:00 ERROR 'ansible_navigator.actions.collections._build_collection_content_menu' error loading plugin doc {'path': 'plugins/modules/hwc_vpc_private_ip.py', 'type': 'module'}
Traceback (most recent call last):
  File "/usr/local/lib/python3.13/site-packages/ansible_navigator/actions/collections.py", line 306, in _build_collection_content_menu
    plugin = loaded["plugin"]
             ~~~~~~^^^^^^^^^^
KeyError: 'plugin'
2024-11-07T19:32:27.027591+00:00 ERROR 'ansible_navigator.actions.collections._build_collection_content_menu' error loading plugin doc {'path': 'plugins/modules/hwc_vpc_route.py', 'type': 'module'}
Traceback (most recent call last):
  File "/usr/local/lib/python3.13/site-packages/ansible_navigator/actions/collections.py", line 306, in _build_collection_content_menu
    plugin = loaded["plugin"]
             ~~~~~~^^^^^^^^^^
KeyError: 'plugin'
2024-11-07T19:32:27.027699+00:00 ERROR 'ansible_navigator.actions.collections._build_collection_content_menu' error loading plugin doc {'path': 'plugins/modules/hwc_vpc_security_group.py', 'type': 'module'}
Traceback (most recent call last):
  File "/usr/local/lib/python3.13/site-packages/ansible_navigator/actions/collections.py", line 306, in _build_collection_content_menu
    plugin = loaded["plugin"]
             ~~~~~~^^^^^^^^^^
KeyError: 'plugin'
2024-11-07T19:32:27.027812+00:00 ERROR 'ansible_navigator.actions.collections._build_collection_content_menu' error loading plugin doc {'path': 'plugins/modules/hwc_vpc_security_group_rule.py', 'type': 'module'}
Traceback (most recent call last):
  File "/usr/local/lib/python3.13/site-packages/ansible_navigator/actions/collections.py", line 306, in _build_collection_content_menu
    plugin = loaded["plugin"]
             ~~~~~~^^^^^^^^^^
KeyError: 'plugin'
2024-11-07T19:32:27.027960+00:00 ERROR 'ansible_navigator.actions.collections._build_collection_content_menu' error loading plugin doc {'path': 'plugins/modules/hwc_vpc_subnet.py', 'type': 'module'}
Traceback (most recent call last):
  File "/usr/local/lib/python3.13/site-packages/ansible_navigator/actions/collections.py", line 306, in _build_collection_content_menu
    plugin = loaded["plugin"]
             ~~~~~~^^^^^^^^^^
KeyError: 'plugin'
2024-11-07T19:32:27.028250+00:00 ERROR 'ansible_navigator.actions.collections._build_collection_content_menu' error loading plugin doc {'path': 'plugins/modules/idrac_redfish_command.py', 'type': 'module'}
Traceback (most recent call last):
  File "/usr/local/lib/python3.13/site-packages/ansible_navigator/actions/collections.py", line 306, in _build_collection_content_menu
    plugin = loaded["plugin"]
             ~~~~~~^^^^^^^^^^
KeyError: 'plugin'
2024-11-07T19:32:27.028380+00:00 ERROR 'ansible_navigator.actions.collections._build_collection_content_menu' error loading plugin doc {'path': 'plugins/modules/idrac_redfish_config.py', 'type': 'module'}
Traceback (most recent call last):
  File "/usr/local/lib/python3.13/site-packages/ansible_navigator/actions/collections.py", line 306, in _build_collection_content_menu
    plugin = loaded["plugin"]
             ~~~~~~^^^^^^^^^^
KeyError: 'plugin'
2024-11-07T19:32:27.028491+00:00 ERROR 'ansible_navigator.actions.collections._build_collection_content_menu' error loading plugin doc {'path': 'plugins/modules/idrac_redfish_info.py', 'type': 'module'}
Traceback (most recent call last):
  File "/usr/local/lib/python3.13/site-packages/ansible_navigator/actions/collections.py", line 306, in _build_collection_content_menu
    plugin = loaded["plugin"]
             ~~~~~~^^^^^^^^^^
KeyError: 'plugin'
2024-11-07T19:32:27.028599+00:00 ERROR 'ansible_navigator.actions.collections._build_collection_content_menu' error loading plugin doc {'path': 'plugins/modules/ilo_redfish_command.py', 'type': 'module'}
Traceback (most recent call last):
  File "/usr/local/lib/python3.13/site-packages/ansible_navigator/actions/collections.py", line 306, in _build_collection_content_menu
    plugin = loaded["plugin"]
             ~~~~~~^^^^^^^^^^
KeyError: 'plugin'
2024-11-07T19:32:27.028700+00:00 ERROR 'ansible_navigator.actions.collections._build_collection_content_menu' error loading plugin doc {'path': 'plugins/modules/ilo_redfish_config.py', 'type': 'module'}
Traceback (most recent call last):
  File "/usr/local/lib/python3.13/site-packages/ansible_navigator/actions/collections.py", line 306, in _build_collection_content_menu
    plugin = loaded["plugin"]
             ~~~~~~^^^^^^^^^^
KeyError: 'plugin'
2024-11-07T19:32:27.028804+00:00 ERROR 'ansible_navigator.actions.collections._build_collection_content_menu' error loading plugin doc {'path': 'plugins/modules/ilo_redfish_info.py', 'type': 'module'}
Traceback (most recent call last):
  File "/usr/local/lib/python3.13/site-packages/ansible_navigator/actions/collections.py", line 306, in _build_collection_content_menu
    plugin = loaded["plugin"]
             ~~~~~~^^^^^^^^^^
KeyError: 'plugin'
2024-11-07T19:32:27.031307+00:00 ERROR 'ansible_navigator.actions.collections._build_collection_content_menu' error loading plugin doc {'path': 'plugins/modules/keycloak_component_info.py', 'type': 'module'}
Traceback (most recent call last):
  File "/usr/local/lib/python3.13/site-packages/ansible_navigator/actions/collections.py", line 306, in _build_collection_content_menu
    plugin = loaded["plugin"]
             ~~~~~~^^^^^^^^^^
KeyError: 'plugin'
2024-11-07T19:32:27.031982+00:00 ERROR 'ansible_navigator.actions.collections._build_collection_content_menu' error loading plugin doc {'path': 'plugins/modules/keycloak_user_federation.py', 'type': 'module'}
Traceback (most recent call last):
  File "/usr/local/lib/python3.13/site-packages/ansible_navigator/actions/collections.py", line 306, in _build_collection_content_menu
    plugin = loaded["plugin"]
             ~~~~~~^^^^^^^^^^
KeyError: 'plugin'
2024-11-07T19:32:27.032279+00:00 ERROR 'ansible_navigator.actions.collections._build_collection_content_menu' error loading plugin doc {'path': 'plugins/modules/keyring_info.py', 'type': 'module'}
Traceback (most recent call last):
  File "/usr/local/lib/python3.13/site-packages/ansible_navigator/actions/collections.py", line 306, in _build_collection_content_menu
    plugin = loaded["plugin"]
             ~~~~~~^^^^^^^^^^
KeyError: 'plugin'
2024-11-07T19:32:27.035214+00:00 ERROR 'ansible_navigator.actions.collections._build_collection_content_menu' error loading plugin doc {'path': 'plugins/modules/ocapi_command.py', 'type': 'module'}
Traceback (most recent call last):
  File "/usr/local/lib/python3.13/site-packages/ansible_navigator/actions/collections.py", line 306, in _build_collection_content_menu
    plugin = loaded["plugin"]
             ~~~~~~^^^^^^^^^^
KeyError: 'plugin'
2024-11-07T19:32:27.035547+00:00 ERROR 'ansible_navigator.actions.collections._build_collection_content_menu' error loading plugin doc {'path': 'plugins/modules/ocapi_info.py', 'type': 'module'}
Traceback (most recent call last):
  File "/usr/local/lib/python3.13/site-packages/ansible_navigator/actions/collections.py", line 306, in _build_collection_content_menu
    plugin = loaded["plugin"]
             ~~~~~~^^^^^^^^^^
KeyError: 'plugin'
2024-11-07T19:32:27.039633+00:00 ERROR 'ansible_navigator.actions.collections._build_collection_content_menu' error loading plugin doc {'path': 'plugins/modules/opendj_backendprop.py', 'type': 'module'}
Traceback (most recent call last):
  File "/usr/local/lib/python3.13/site-packages/ansible_navigator/actions/collections.py", line 306, in _build_collection_content_menu
    plugin = loaded["plugin"]
             ~~~~~~^^^^^^^^^^
KeyError: 'plugin'
2024-11-07T19:32:27.042644+00:00 ERROR 'ansible_navigator.actions.collections._build_collection_content_menu' error loading plugin doc {'path': 'plugins/modules/redfish_command.py', 'type': 'module'}
Traceback (most recent call last):
  File "/usr/local/lib/python3.13/site-packages/ansible_navigator/actions/collections.py", line 306, in _build_collection_content_menu
    plugin = loaded["plugin"]
             ~~~~~~^^^^^^^^^^
KeyError: 'plugin'
2024-11-07T19:32:27.043036+00:00 ERROR 'ansible_navigator.actions.collections._build_collection_content_menu' error loading plugin doc {'path': 'plugins/modules/redfish_config.py', 'type': 'module'}
Traceback (most recent call last):
  File "/usr/local/lib/python3.13/site-packages/ansible_navigator/actions/collections.py", line 306, in _build_collection_content_menu
    plugin = loaded["plugin"]
             ~~~~~~^^^^^^^^^^
KeyError: 'plugin'
2024-11-07T19:32:27.043196+00:00 ERROR 'ansible_navigator.actions.collections._build_collection_content_menu' error loading plugin doc {'path': 'plugins/modules/redfish_info.py', 'type': 'module'}
Traceback (most recent call last):
  File "/usr/local/lib/python3.13/site-packages/ansible_navigator/actions/collections.py", line 306, in _build_collection_content_menu
    plugin = loaded["plugin"]
             ~~~~~~^^^^^^^^^^
KeyError: 'plugin'
2024-11-07T19:32:27.043815+00:00 ERROR 'ansible_navigator.actions.collections._build_collection_content_menu' error loading plugin doc {'path': 'plugins/modules/rollbar_deployment.py', 'type': 'module'}
Traceback (most recent call last):
  File "/usr/local/lib/python3.13/site-packages/ansible_navigator/actions/collections.py", line 306, in _build_collection_content_menu
    plugin = loaded["plugin"]
             ~~~~~~^^^^^^^^^^
KeyError: 'plugin'
2024-11-07T19:32:27.044582+00:00 ERROR 'ansible_navigator.actions.collections._build_collection_content_menu' error loading plugin doc {'path': 'plugins/modules/scaleway_database_backup.py', 'type': 'module'}
Traceback (most recent call last):
  File "/usr/local/lib/python3.13/site-packages/ansible_navigator/actions/collections.py", line 306, in _build_collection_content_menu
    plugin = loaded["plugin"]
             ~~~~~~^^^^^^^^^^
KeyError: 'plugin'
2024-11-07T19:32:27.045176+00:00 ERROR 'ansible_navigator.actions.collections._build_collection_content_menu' error loading plugin doc {'path': 'plugins/modules/scaleway_security_group_rule.py', 'type': 'module'}
Traceback (most recent call last):
  File "/usr/local/lib/python3.13/site-packages/ansible_navigator/actions/collections.py", line 306, in _build_collection_content_menu
    plugin = loaded["plugin"]
             ~~~~~~^^^^^^^^^^
KeyError: 'plugin'
2024-11-07T19:32:27.048311+00:00 ERROR 'ansible_navigator.actions.collections._build_collection_content_menu' error loading plugin doc {'path': 'plugins/modules/xcc_redfish_command.py', 'type': 'module'}
Traceback (most recent call last):
  File "/usr/local/lib/python3.13/site-packages/ansible_navigator/actions/collections.py", line 306, in _build_collection_content_menu
    plugin = loaded["plugin"]
             ~~~~~~^^^^^^^^^^
KeyError: 'plugin'
2024-11-07T19:33:33.411788+00:00 ERROR 'ansible_navigator.actions.collections._parse' /root/redhat-lab/collections/ansible_collections/redhat/satellite/roles/activation_keys/meta/argument_specs.yml Failed to find argument_specs.yml for role in redhat.satellite.
2024-11-07T19:33:33.412119+00:00 ERROR 'ansible_navigator.actions.collections._parse' /root/redhat-lab/collections/ansible_collections/redhat/satellite/roles/activation_keys/meta/main.yml Failed to find main.yml for role in redhat.satellite.
2024-11-07T19:33:33.412148+00:00 ERROR 'ansible_navigator.actions.collections._parse' /root/redhat-lab/collections/ansible_collections/redhat/satellite/roles/auth_sources_ldap/meta/argument_specs.yml Failed to find argument_specs.yml for role in redhat.satellite.
2024-11-07T19:33:33.412163+00:00 ERROR 'ansible_navigator.actions.collections._parse' /root/redhat-lab/collections/ansible_collections/redhat/satellite/roles/auth_sources_ldap/meta/main.yml Failed to find main.yml for role in redhat.satellite.
2024-11-07T19:33:33.412174+00:00 ERROR 'ansible_navigator.actions.collections._parse' /root/redhat-lab/collections/ansible_collections/redhat/satellite/roles/compute_profiles/meta/argument_specs.yml Failed to find argument_specs.yml for role in redhat.satellite.
2024-11-07T19:33:33.412186+00:00 ERROR 'ansible_navigator.actions.collections._parse' /root/redhat-lab/collections/ansible_collections/redhat/satellite/roles/compute_profiles/meta/main.yml Failed to find main.yml for role in redhat.satellite.
2024-11-07T19:33:33.412196+00:00 ERROR 'ansible_navigator.actions.collections._parse' /root/redhat-lab/collections/ansible_collections/redhat/satellite/roles/compute_resources/meta/argument_specs.yml Failed to find argument_specs.yml for role in redhat.satellite.
2024-11-07T19:33:33.412205+00:00 ERROR 'ansible_navigator.actions.collections._parse' /root/redhat-lab/collections/ansible_collections/redhat/satellite/roles/compute_resources/meta/main.yml Failed to find main.yml for role in redhat.satellite.
2024-11-07T19:33:33.412215+00:00 ERROR 'ansible_navigator.actions.collections._parse' /root/redhat-lab/collections/ansible_collections/redhat/satellite/roles/content_credentials/meta/argument_specs.yml Failed to find argument_specs.yml for role in redhat.satellite.
2024-11-07T19:33:33.412224+00:00 ERROR 'ansible_navigator.actions.collections._parse' /root/redhat-lab/collections/ansible_collections/redhat/satellite/roles/content_credentials/meta/main.yml Failed to find main.yml for role in redhat.satellite.
2024-11-07T19:33:33.412232+00:00 ERROR 'ansible_navigator.actions.collections._parse' /root/redhat-lab/collections/ansible_collections/redhat/satellite/roles/content_rhel/meta/argument_specs.yml Failed to find argument_specs.yml for role in redhat.satellite.
2024-11-07T19:33:33.412266+00:00 ERROR 'ansible_navigator.actions.collections._parse' /root/redhat-lab/collections/ansible_collections/redhat/satellite/roles/content_rhel/meta/main.yml Failed to find main.yml for role in redhat.satellite.
2024-11-07T19:33:33.412277+00:00 ERROR 'ansible_navigator.actions.collections._parse' /root/redhat-lab/collections/ansible_collections/redhat/satellite/roles/content_view_publish/meta/argument_specs.yml Failed to find argument_specs.yml for role in redhat.satellite.
2024-11-07T19:33:33.412286+00:00 ERROR 'ansible_navigator.actions.collections._parse' /root/redhat-lab/collections/ansible_collections/redhat/satellite/roles/content_view_publish/meta/main.yml Failed to find main.yml for role in redhat.satellite.
2024-11-07T19:33:33.412295+00:00 ERROR 'ansible_navigator.actions.collections._parse' /root/redhat-lab/collections/ansible_collections/redhat/satellite/roles/content_view_version_cleanup/meta/argument_specs.yml Failed to find argument_specs.yml for role in redhat.satellite.
2024-11-07T19:33:33.412304+00:00 ERROR 'ansible_navigator.actions.collections._parse' /root/redhat-lab/collections/ansible_collections/redhat/satellite/roles/content_view_version_cleanup/meta/main.yml Failed to find main.yml for role in redhat.satellite.
2024-11-07T19:33:33.412312+00:00 ERROR 'ansible_navigator.actions.collections._parse' /root/redhat-lab/collections/ansible_collections/redhat/satellite/roles/content_views/meta/argument_specs.yml Failed to find argument_specs.yml for role in redhat.satellite.
2024-11-07T19:33:33.412321+00:00 ERROR 'ansible_navigator.actions.collections._parse' /root/redhat-lab/collections/ansible_collections/redhat/satellite/roles/content_views/meta/main.yml Failed to find main.yml for role in redhat.satellite.
2024-11-07T19:33:33.412330+00:00 ERROR 'ansible_navigator.actions.collections._parse' /root/redhat-lab/collections/ansible_collections/redhat/satellite/roles/convert2rhel/meta/argument_specs.yml Failed to find argument_specs.yml for role in redhat.satellite.
2024-11-07T19:33:33.412339+00:00 ERROR 'ansible_navigator.actions.collections._parse' /root/redhat-lab/collections/ansible_collections/redhat/satellite/roles/convert2rhel/meta/main.yml Failed to find main.yml for role in redhat.satellite.
2024-11-07T19:33:33.412348+00:00 ERROR 'ansible_navigator.actions.collections._parse' /root/redhat-lab/collections/ansible_collections/redhat/satellite/roles/domains/meta/argument_specs.yml Failed to find argument_specs.yml for role in redhat.satellite.
2024-11-07T19:33:33.412356+00:00 ERROR 'ansible_navigator.actions.collections._parse' /root/redhat-lab/collections/ansible_collections/redhat/satellite/roles/domains/meta/main.yml Failed to find main.yml for role in redhat.satellite.
2024-11-07T19:33:33.412365+00:00 ERROR 'ansible_navigator.actions.collections._parse' /root/redhat-lab/collections/ansible_collections/redhat/satellite/roles/hostgroups/meta/argument_specs.yml Failed to find argument_specs.yml for role in redhat.satellite.
2024-11-07T19:33:33.412374+00:00 ERROR 'ansible_navigator.actions.collections._parse' /root/redhat-lab/collections/ansible_collections/redhat/satellite/roles/hostgroups/meta/main.yml Failed to find main.yml for role in redhat.satellite.
2024-11-07T19:33:33.412383+00:00 ERROR 'ansible_navigator.actions.collections._parse' /root/redhat-lab/collections/ansible_collections/redhat/satellite/roles/lifecycle_environments/meta/argument_specs.yml Failed to find argument_specs.yml for role in redhat.satellite.
2024-11-07T19:33:33.412391+00:00 ERROR 'ansible_navigator.actions.collections._parse' /root/redhat-lab/collections/ansible_collections/redhat/satellite/roles/lifecycle_environments/meta/main.yml Failed to find main.yml for role in redhat.satellite.
2024-11-07T19:33:33.412400+00:00 ERROR 'ansible_navigator.actions.collections._parse' /root/redhat-lab/collections/ansible_collections/redhat/satellite/roles/locations/meta/argument_specs.yml Failed to find argument_specs.yml for role in redhat.satellite.
2024-11-07T19:33:33.412414+00:00 ERROR 'ansible_navigator.actions.collections._parse' /root/redhat-lab/collections/ansible_collections/redhat/satellite/roles/locations/meta/main.yml Failed to find main.yml for role in redhat.satellite.
2024-11-07T19:33:33.412423+00:00 ERROR 'ansible_navigator.actions.collections._parse' /root/redhat-lab/collections/ansible_collections/redhat/satellite/roles/manifest/meta/argument_specs.yml Failed to find argument_specs.yml for role in redhat.satellite.
2024-11-07T19:33:33.412432+00:00 ERROR 'ansible_navigator.actions.collections._parse' /root/redhat-lab/collections/ansible_collections/redhat/satellite/roles/manifest/meta/main.yml Failed to find main.yml for role in redhat.satellite.
2024-11-07T19:33:33.412441+00:00 ERROR 'ansible_navigator.actions.collections._parse' /root/redhat-lab/collections/ansible_collections/redhat/satellite/roles/operatingsystems/meta/argument_specs.yml Failed to find argument_specs.yml for role in redhat.satellite.
2024-11-07T19:33:33.412450+00:00 ERROR 'ansible_navigator.actions.collections._parse' /root/redhat-lab/collections/ansible_collections/redhat/satellite/roles/operatingsystems/meta/main.yml Failed to find main.yml for role in redhat.satellite.
2024-11-07T19:33:33.412459+00:00 ERROR 'ansible_navigator.actions.collections._parse' /root/redhat-lab/collections/ansible_collections/redhat/satellite/roles/organizations/meta/argument_specs.yml Failed to find argument_specs.yml for role in redhat.satellite.
2024-11-07T19:33:33.412467+00:00 ERROR 'ansible_navigator.actions.collections._parse' /root/redhat-lab/collections/ansible_collections/redhat/satellite/roles/organizations/meta/main.yml Failed to find main.yml for role in redhat.satellite.
2024-11-07T19:33:33.412476+00:00 ERROR 'ansible_navigator.actions.collections._parse' /root/redhat-lab/collections/ansible_collections/redhat/satellite/roles/provisioning_templates/meta/argument_specs.yml Failed to find argument_specs.yml for role in redhat.satellite.
2024-11-07T19:33:33.412485+00:00 ERROR 'ansible_navigator.actions.collections._parse' /root/redhat-lab/collections/ansible_collections/redhat/satellite/roles/provisioning_templates/meta/main.yml Failed to find main.yml for role in redhat.satellite.
2024-11-07T19:33:33.412494+00:00 ERROR 'ansible_navigator.actions.collections._parse' /root/redhat-lab/collections/ansible_collections/redhat/satellite/roles/repositories/meta/argument_specs.yml Failed to find argument_specs.yml for role in redhat.satellite.
2024-11-07T19:33:33.412502+00:00 ERROR 'ansible_navigator.actions.collections._parse' /root/redhat-lab/collections/ansible_collections/redhat/satellite/roles/repositories/meta/main.yml Failed to find main.yml for role in redhat.satellite.
2024-11-07T19:33:33.412511+00:00 ERROR 'ansible_navigator.actions.collections._parse' /root/redhat-lab/collections/ansible_collections/redhat/satellite/roles/settings/meta/argument_specs.yml Failed to find argument_specs.yml for role in redhat.satellite.
2024-11-07T19:33:33.412519+00:00 ERROR 'ansible_navigator.actions.collections._parse' /root/redhat-lab/collections/ansible_collections/redhat/satellite/roles/settings/meta/main.yml Failed to find main.yml for role in redhat.satellite.
2024-11-07T19:33:33.412528+00:00 ERROR 'ansible_navigator.actions.collections._parse' /root/redhat-lab/collections/ansible_collections/redhat/satellite/roles/subnets/meta/argument_specs.yml Failed to find argument_specs.yml for role in redhat.satellite.
2024-11-07T19:33:33.412536+00:00 ERROR 'ansible_navigator.actions.collections._parse' /root/redhat-lab/collections/ansible_collections/redhat/satellite/roles/subnets/meta/main.yml Failed to find main.yml for role in redhat.satellite.
2024-11-07T19:33:33.412545+00:00 ERROR 'ansible_navigator.actions.collections._parse' /root/redhat-lab/collections/ansible_collections/redhat/satellite/roles/sync_plans/meta/argument_specs.yml Failed to find argument_specs.yml for role in redhat.satellite.
2024-11-07T19:33:33.412558+00:00 ERROR 'ansible_navigator.actions.collections._parse' /root/redhat-lab/collections/ansible_collections/redhat/satellite/roles/sync_plans/meta/main.yml Failed to find main.yml for role in redhat.satellite.
2024-11-07T19:38:41.971243+00:00 ERROR 'ansible_navigator.actions.collections._parse' /root/redhat-lab/collections/ansible_collections/redhat/satellite/roles/repositories/meta/argument_specs.yml Failed to find argument_specs.yml for role in redhat.satellite.
2024-11-07T19:38:41.971814+00:00 ERROR 'ansible_navigator.actions.collections._parse' /root/redhat-lab/collections/ansible_collections/redhat/satellite/roles/repositories/meta/main.yml Failed to find main.yml for role in redhat.satellite.
2024-11-07T19:38:41.971845+00:00 ERROR 'ansible_navigator.actions.collections._parse' /root/redhat-lab/collections/ansible_collections/redhat/satellite/roles/content_views/meta/argument_specs.yml Failed to find argument_specs.yml for role in redhat.satellite.
2024-11-07T19:38:41.971864+00:00 ERROR 'ansible_navigator.actions.collections._parse' /root/redhat-lab/collections/ansible_collections/redhat/satellite/roles/content_views/meta/main.yml Failed to find main.yml for role in redhat.satellite.
2024-11-07T19:38:41.971881+00:00 ERROR 'ansible_navigator.actions.collections._parse' /root/redhat-lab/collections/ansible_collections/redhat/satellite/roles/operatingsystems/meta/argument_specs.yml Failed to find argument_specs.yml for role in redhat.satellite.
2024-11-07T19:38:41.971897+00:00 ERROR 'ansible_navigator.actions.collections._parse' /root/redhat-lab/collections/ansible_collections/redhat/satellite/roles/operatingsystems/meta/main.yml Failed to find main.yml for role in redhat.satellite.
2024-11-07T19:38:41.971913+00:00 ERROR 'ansible_navigator.actions.collections._parse' /root/redhat-lab/collections/ansible_collections/redhat/satellite/roles/lifecycle_environments/meta/argument_specs.yml Failed to find argument_specs.yml for role in redhat.satellite.
2024-11-07T19:38:41.971928+00:00 ERROR 'ansible_navigator.actions.collections._parse' /root/redhat-lab/collections/ansible_collections/redhat/satellite/roles/lifecycle_environments/meta/main.yml Failed to find main.yml for role in redhat.satellite.
2024-11-07T19:38:41.971944+00:00 ERROR 'ansible_navigator.actions.collections._parse' /root/redhat-lab/collections/ansible_collections/redhat/satellite/roles/settings/meta/argument_specs.yml Failed to find argument_specs.yml for role in redhat.satellite.
2024-11-07T19:38:41.971960+00:00 ERROR 'ansible_navigator.actions.collections._parse' /root/redhat-lab/collections/ansible_collections/redhat/satellite/roles/settings/meta/main.yml Failed to find main.yml for role in redhat.satellite.
2024-11-07T19:38:41.971975+00:00 ERROR 'ansible_navigator.actions.collections._parse' /root/redhat-lab/collections/ansible_collections/redhat/satellite/roles/auth_sources_ldap/meta/argument_specs.yml Failed to find argument_specs.yml for role in redhat.satellite.
2024-11-07T19:38:41.971990+00:00 ERROR 'ansible_navigator.actions.collections._parse' /root/redhat-lab/collections/ansible_collections/redhat/satellite/roles/auth_sources_ldap/meta/main.yml Failed to find main.yml for role in redhat.satellite.
2024-11-07T19:38:41.972005+00:00 ERROR 'ansible_navigator.actions.collections._parse' /root/redhat-lab/collections/ansible_collections/redhat/satellite/roles/activation_keys/meta/argument_specs.yml Failed to find argument_specs.yml for role in redhat.satellite.
2024-11-07T19:38:41.972019+00:00 ERROR 'ansible_navigator.actions.collections._parse' /root/redhat-lab/collections/ansible_collections/redhat/satellite/roles/activation_keys/meta/main.yml Failed to find main.yml for role in redhat.satellite.
2024-11-07T19:38:41.972035+00:00 ERROR 'ansible_navigator.actions.collections._parse' /root/redhat-lab/collections/ansible_collections/redhat/satellite/roles/content_credentials/meta/argument_specs.yml Failed to find argument_specs.yml for role in redhat.satellite.
2024-11-07T19:38:41.972050+00:00 ERROR 'ansible_navigator.actions.collections._parse' /root/redhat-lab/collections/ansible_collections/redhat/satellite/roles/content_credentials/meta/main.yml Failed to find main.yml for role in redhat.satellite.
2024-11-07T19:38:41.972073+00:00 ERROR 'ansible_navigator.actions.collections._parse' /root/redhat-lab/collections/ansible_collections/redhat/satellite/roles/compute_profiles/meta/argument_specs.yml Failed to find argument_specs.yml for role in redhat.satellite.
2024-11-07T19:38:41.972088+00:00 ERROR 'ansible_navigator.actions.collections._parse' /root/redhat-lab/collections/ansible_collections/redhat/satellite/roles/compute_profiles/meta/main.yml Failed to find main.yml for role in redhat.satellite.
2024-11-07T19:38:41.972103+00:00 ERROR 'ansible_navigator.actions.collections._parse' /root/redhat-lab/collections/ansible_collections/redhat/satellite/roles/content_view_publish/meta/argument_specs.yml Failed to find argument_specs.yml for role in redhat.satellite.
2024-11-07T19:38:41.972118+00:00 ERROR 'ansible_navigator.actions.collections._parse' /root/redhat-lab/collections/ansible_collections/redhat/satellite/roles/content_view_publish/meta/main.yml Failed to find main.yml for role in redhat.satellite.
2024-11-07T19:38:41.972132+00:00 ERROR 'ansible_navigator.actions.collections._parse' /root/redhat-lab/collections/ansible_collections/redhat/satellite/roles/organizations/meta/argument_specs.yml Failed to find argument_specs.yml for role in redhat.satellite.
2024-11-07T19:38:41.972147+00:00 ERROR 'ansible_navigator.actions.collections._parse' /root/redhat-lab/collections/ansible_collections/redhat/satellite/roles/organizations/meta/main.yml Failed to find main.yml for role in redhat.satellite.
2024-11-07T19:38:41.972161+00:00 ERROR 'ansible_navigator.actions.collections._parse' /root/redhat-lab/collections/ansible_collections/redhat/satellite/roles/content_rhel/meta/argument_specs.yml Failed to find argument_specs.yml for role in redhat.satellite.
2024-11-07T19:38:41.972176+00:00 ERROR 'ansible_navigator.actions.collections._parse' /root/redhat-lab/collections/ansible_collections/redhat/satellite/roles/content_rhel/meta/main.yml Failed to find main.yml for role in redhat.satellite.
2024-11-07T19:38:41.972190+00:00 ERROR 'ansible_navigator.actions.collections._parse' /root/redhat-lab/collections/ansible_collections/redhat/satellite/roles/locations/meta/argument_specs.yml Failed to find argument_specs.yml for role in redhat.satellite.
2024-11-07T19:38:41.972205+00:00 ERROR 'ansible_navigator.actions.collections._parse' /root/redhat-lab/collections/ansible_collections/redhat/satellite/roles/locations/meta/main.yml Failed to find main.yml for role in redhat.satellite.
2024-11-07T19:38:41.972220+00:00 ERROR 'ansible_navigator.actions.collections._parse' /root/redhat-lab/collections/ansible_collections/redhat/satellite/roles/compute_resources/meta/argument_specs.yml Failed to find argument_specs.yml for role in redhat.satellite.
2024-11-07T19:38:41.972235+00:00 ERROR 'ansible_navigator.actions.collections._parse' /root/redhat-lab/collections/ansible_collections/redhat/satellite/roles/compute_resources/meta/main.yml Failed to find main.yml for role in redhat.satellite.
2024-11-07T19:38:41.972250+00:00 ERROR 'ansible_navigator.actions.collections._parse' /root/redhat-lab/collections/ansible_collections/redhat/satellite/roles/sync_plans/meta/argument_specs.yml Failed to find argument_specs.yml for role in redhat.satellite.
2024-11-07T19:38:41.972265+00:00 ERROR 'ansible_navigator.actions.collections._parse' /root/redhat-lab/collections/ansible_collections/redhat/satellite/roles/sync_plans/meta/main.yml Failed to find main.yml for role in redhat.satellite.
2024-11-07T19:38:41.972280+00:00 ERROR 'ansible_navigator.actions.collections._parse' /root/redhat-lab/collections/ansible_collections/redhat/satellite/roles/manifest/meta/argument_specs.yml Failed to find argument_specs.yml for role in redhat.satellite.
2024-11-07T19:38:41.972294+00:00 ERROR 'ansible_navigator.actions.collections._parse' /root/redhat-lab/collections/ansible_collections/redhat/satellite/roles/manifest/meta/main.yml Failed to find main.yml for role in redhat.satellite.
2024-11-07T19:38:41.972311+00:00 ERROR 'ansible_navigator.actions.collections._parse' /root/redhat-lab/collections/ansible_collections/redhat/satellite/roles/subnets/meta/argument_specs.yml Failed to find argument_specs.yml for role in redhat.satellite.
2024-11-07T19:38:41.972326+00:00 ERROR 'ansible_navigator.actions.collections._parse' /root/redhat-lab/collections/ansible_collections/redhat/satellite/roles/subnets/meta/main.yml Failed to find main.yml for role in redhat.satellite.
2024-11-07T19:38:41.972341+00:00 ERROR 'ansible_navigator.actions.collections._parse' /root/redhat-lab/collections/ansible_collections/redhat/satellite/roles/provisioning_templates/meta/argument_specs.yml Failed to find argument_specs.yml for role in redhat.satellite.
2024-11-07T19:38:41.972355+00:00 ERROR 'ansible_navigator.actions.collections._parse' /root/redhat-lab/collections/ansible_collections/redhat/satellite/roles/provisioning_templates/meta/main.yml Failed to find main.yml for role in redhat.satellite.
2024-11-07T19:38:41.972369+00:00 ERROR 'ansible_navigator.actions.collections._parse' /root/redhat-lab/collections/ansible_collections/redhat/satellite/roles/content_view_version_cleanup/meta/argument_specs.yml Failed to find argument_specs.yml for role in redhat.satellite.
2024-11-07T19:38:41.972384+00:00 ERROR 'ansible_navigator.actions.collections._parse' /root/redhat-lab/collections/ansible_collections/redhat/satellite/roles/content_view_version_cleanup/meta/main.yml Failed to find main.yml for role in redhat.satellite.
2024-11-07T19:38:41.972398+00:00 ERROR 'ansible_navigator.actions.collections._parse' /root/redhat-lab/collections/ansible_collections/redhat/satellite/roles/hostgroups/meta/argument_specs.yml Failed to find argument_specs.yml for role in redhat.satellite.
2024-11-07T19:38:41.972412+00:00 ERROR 'ansible_navigator.actions.collections._parse' /root/redhat-lab/collections/ansible_collections/redhat/satellite/roles/hostgroups/meta/main.yml Failed to find main.yml for role in redhat.satellite.
2024-11-07T19:38:41.972427+00:00 ERROR 'ansible_navigator.actions.collections._parse' /root/redhat-lab/collections/ansible_collections/redhat/satellite/roles/convert2rhel/meta/argument_specs.yml Failed to find argument_specs.yml for role in redhat.satellite.
2024-11-07T19:38:41.972442+00:00 ERROR 'ansible_navigator.actions.collections._parse' /root/redhat-lab/collections/ansible_collections/redhat/satellite/roles/convert2rhel/meta/main.yml Failed to find main.yml for role in redhat.satellite.
2024-11-07T19:38:41.972456+00:00 ERROR 'ansible_navigator.actions.collections._parse' /root/redhat-lab/collections/ansible_collections/redhat/satellite/roles/domains/meta/argument_specs.yml Failed to find argument_specs.yml for role in redhat.satellite.
2024-11-07T19:38:41.972471+00:00 ERROR 'ansible_navigator.actions.collections._parse' /root/redhat-lab/collections/ansible_collections/redhat/satellite/roles/domains/meta/main.yml Failed to find main.yml for role in redhat.satellite.
2024-11-07T19:38:41.972485+00:00 ERROR 'ansible_navigator.actions.collections._parse' /root/redhat-lab/collections/ansible_collections/ansible/windows/plugins/modules/win_get_url.py AnsibleError (get_docstring): unknown doc_fragment(s) in file /root/redhat-lab/collections/ansible_collections/ansible/windows/plugins/modules/win_get_url.py: ansible.windows.web_request
2024-11-07T19:38:41.972502+00:00 ERROR 'ansible_navigator.actions.collections._parse' /root/redhat-lab/collections/ansible_collections/ansible/windows/plugins/modules/win_package.py AnsibleError (get_docstring): unknown doc_fragment(s) in file /root/redhat-lab/collections/ansible_collections/ansible/windows/plugins/modules/win_package.py: ansible.windows.web_request
2024-11-07T19:38:41.972518+00:00 ERROR 'ansible_navigator.actions.collections._parse' /root/redhat-lab/collections/ansible_collections/ansible/windows/plugins/modules/win_uri.py AnsibleError (get_docstring): unknown doc_fragment(s) in file /root/redhat-lab/collections/ansible_collections/ansible/windows/plugins/modules/win_uri.py: ansible.windows.web_request
2024-11-07T19:38:50.236886+00:00 ERROR 'ansible_navigator.actions.collections._build_collection_content_menu' error loading plugin doc {'path': 'plugins/inventory/controller.py', 'type': 'inventory'}
2024-11-07T19:38:50.245604+00:00 ERROR 'ansible_navigator.actions.collections._build_collection_content_menu' error loading plugin doc {'path': 'plugins/lookup/controller_api.py', 'type': 'lookup'}
2024-11-07T19:38:50.246033+00:00 ERROR 'ansible_navigator.actions.collections._build_collection_content_menu' error loading plugin doc {'path': 'plugins/modules/ad_hoc_command.py', 'type': 'module'}
2024-11-07T19:38:50.246081+00:00 ERROR 'ansible_navigator.actions.collections._build_collection_content_menu' error loading plugin doc {'path': 'plugins/modules/ad_hoc_command_cancel.py', 'type': 'module'}
2024-11-07T19:38:50.246114+00:00 ERROR 'ansible_navigator.actions.collections._build_collection_content_menu' error loading plugin doc {'path': 'plugins/modules/ad_hoc_command_wait.py', 'type': 'module'}
2024-11-07T19:38:50.246142+00:00 ERROR 'ansible_navigator.actions.collections._build_collection_content_menu' error loading plugin doc {'path': 'plugins/modules/application.py', 'type': 'module'}
2024-11-07T19:38:50.246171+00:00 ERROR 'ansible_navigator.actions.collections._build_collection_content_menu' error loading plugin doc {'path': 'plugins/modules/bulk_host_create.py', 'type': 'module'}
2024-11-07T19:38:50.246195+00:00 ERROR 'ansible_navigator.actions.collections._build_collection_content_menu' error loading plugin doc {'path': 'plugins/modules/bulk_host_delete.py', 'type': 'module'}
2024-11-07T19:38:50.246219+00:00 ERROR 'ansible_navigator.actions.collections._build_collection_content_menu' error loading plugin doc {'path': 'plugins/modules/bulk_job_launch.py', 'type': 'module'}
2024-11-07T19:38:50.246245+00:00 ERROR 'ansible_navigator.actions.collections._build_collection_content_menu' error loading plugin doc {'path': 'plugins/modules/controller_meta.py', 'type': 'module'}
2024-11-07T19:38:50.246269+00:00 ERROR 'ansible_navigator.actions.collections._build_collection_content_menu' error loading plugin doc {'path': 'plugins/modules/credential.py', 'type': 'module'}
2024-11-07T19:38:50.246292+00:00 ERROR 'ansible_navigator.actions.collections._build_collection_content_menu' error loading plugin doc {'path': 'plugins/modules/credential_input_source.py', 'type': 'module'}
2024-11-07T19:38:50.246327+00:00 ERROR 'ansible_navigator.actions.collections._build_collection_content_menu' error loading plugin doc {'path': 'plugins/modules/credential_type.py', 'type': 'module'}
2024-11-07T19:38:50.246350+00:00 ERROR 'ansible_navigator.actions.collections._build_collection_content_menu' error loading plugin doc {'path': 'plugins/modules/execution_environment.py', 'type': 'module'}
2024-11-07T19:38:50.246372+00:00 ERROR 'ansible_navigator.actions.collections._build_collection_content_menu' error loading plugin doc {'path': 'plugins/modules/export.py', 'type': 'module'}
2024-11-07T19:38:50.246396+00:00 ERROR 'ansible_navigator.actions.collections._build_collection_content_menu' error loading plugin doc {'path': 'plugins/modules/group.py', 'type': 'module'}
2024-11-07T19:38:50.246420+00:00 ERROR 'ansible_navigator.actions.collections._build_collection_content_menu' error loading plugin doc {'path': 'plugins/modules/host.py', 'type': 'module'}
2024-11-07T19:38:50.246444+00:00 ERROR 'ansible_navigator.actions.collections._build_collection_content_menu' error loading plugin doc {'path': 'plugins/modules/import.py', 'type': 'module'}
2024-11-07T19:38:50.246468+00:00 ERROR 'ansible_navigator.actions.collections._build_collection_content_menu' error loading plugin doc {'path': 'plugins/modules/instance.py', 'type': 'module'}
2024-11-07T19:38:50.246494+00:00 ERROR 'ansible_navigator.actions.collections._build_collection_content_menu' error loading plugin doc {'path': 'plugins/modules/instance_group.py', 'type': 'module'}
2024-11-07T19:38:50.246518+00:00 ERROR 'ansible_navigator.actions.collections._build_collection_content_menu' error loading plugin doc {'path': 'plugins/modules/inventory.py', 'type': 'module'}
2024-11-07T19:38:50.246548+00:00 ERROR 'ansible_navigator.actions.collections._build_collection_content_menu' error loading plugin doc {'path': 'plugins/modules/inventory_source.py', 'type': 'module'}
2024-11-07T19:38:50.246571+00:00 ERROR 'ansible_navigator.actions.collections._build_collection_content_menu' error loading plugin doc {'path': 'plugins/modules/inventory_source_update.py', 'type': 'module'}
2024-11-07T19:38:50.246593+00:00 ERROR 'ansible_navigator.actions.collections._build_collection_content_menu' error loading plugin doc {'path': 'plugins/modules/job_cancel.py', 'type': 'module'}
2024-11-07T19:38:50.246614+00:00 ERROR 'ansible_navigator.actions.collections._build_collection_content_menu' error loading plugin doc {'path': 'plugins/modules/job_launch.py', 'type': 'module'}
2024-11-07T19:38:50.246637+00:00 ERROR 'ansible_navigator.actions.collections._build_collection_content_menu' error loading plugin doc {'path': 'plugins/modules/job_list.py', 'type': 'module'}
2024-11-07T19:38:50.246668+00:00 ERROR 'ansible_navigator.actions.collections._build_collection_content_menu' error loading plugin doc {'path': 'plugins/modules/job_template.py', 'type': 'module'}
2024-11-07T19:38:50.246705+00:00 ERROR 'ansible_navigator.actions.collections._build_collection_content_menu' error loading plugin doc {'path': 'plugins/modules/job_wait.py', 'type': 'module'}
2024-11-07T19:38:50.246734+00:00 ERROR 'ansible_navigator.actions.collections._build_collection_content_menu' error loading plugin doc {'path': 'plugins/modules/label.py', 'type': 'module'}
2024-11-07T19:38:50.246756+00:00 ERROR 'ansible_navigator.actions.collections._build_collection_content_menu' error loading plugin doc {'path': 'plugins/modules/license.py', 'type': 'module'}
2024-11-07T19:38:50.246781+00:00 ERROR 'ansible_navigator.actions.collections._build_collection_content_menu' error loading plugin doc {'path': 'plugins/modules/notification_template.py', 'type': 'module'}
2024-11-07T19:38:50.246805+00:00 ERROR 'ansible_navigator.actions.collections._build_collection_content_menu' error loading plugin doc {'path': 'plugins/modules/organization.py', 'type': 'module'}
2024-11-07T19:38:50.246877+00:00 ERROR 'ansible_navigator.actions.collections._build_collection_content_menu' error loading plugin doc {'path': 'plugins/modules/project.py', 'type': 'module'}
2024-11-07T19:38:50.246904+00:00 ERROR 'ansible_navigator.actions.collections._build_collection_content_menu' error loading plugin doc {'path': 'plugins/modules/project_update.py', 'type': 'module'}
2024-11-07T19:38:50.246927+00:00 ERROR 'ansible_navigator.actions.collections._build_collection_content_menu' error loading plugin doc {'path': 'plugins/modules/role.py', 'type': 'module'}
2024-11-07T19:38:50.246949+00:00 ERROR 'ansible_navigator.actions.collections._build_collection_content_menu' error loading plugin doc {'path': 'plugins/modules/role_definition.py', 'type': 'module'}
2024-11-07T19:38:50.246973+00:00 ERROR 'ansible_navigator.actions.collections._build_collection_content_menu' error loading plugin doc {'path': 'plugins/modules/role_team_assignment.py', 'type': 'module'}
2024-11-07T19:38:50.246996+00:00 ERROR 'ansible_navigator.actions.collections._build_collection_content_menu' error loading plugin doc {'path': 'plugins/modules/role_user_assignment.py', 'type': 'module'}
2024-11-07T19:38:50.247019+00:00 ERROR 'ansible_navigator.actions.collections._build_collection_content_menu' error loading plugin doc {'path': 'plugins/modules/schedule.py', 'type': 'module'}
2024-11-07T19:38:50.247040+00:00 ERROR 'ansible_navigator.actions.collections._build_collection_content_menu' error loading plugin doc {'path': 'plugins/modules/settings.py', 'type': 'module'}
2024-11-07T19:38:50.247061+00:00 ERROR 'ansible_navigator.actions.collections._build_collection_content_menu' error loading plugin doc {'path': 'plugins/modules/subscriptions.py', 'type': 'module'}
2024-11-07T19:38:50.247086+00:00 ERROR 'ansible_navigator.actions.collections._build_collection_content_menu' error loading plugin doc {'path': 'plugins/modules/team.py', 'type': 'module'}
2024-11-07T19:38:50.247107+00:00 ERROR 'ansible_navigator.actions.collections._build_collection_content_menu' error loading plugin doc {'path': 'plugins/modules/token.py', 'type': 'module'}
2024-11-07T19:38:50.247128+00:00 ERROR 'ansible_navigator.actions.collections._build_collection_content_menu' error loading plugin doc {'path': 'plugins/modules/user.py', 'type': 'module'}
2024-11-07T19:38:50.247152+00:00 ERROR 'ansible_navigator.actions.collections._build_collection_content_menu' error loading plugin doc {'path': 'plugins/modules/workflow_approval.py', 'type': 'module'}
2024-11-07T19:38:50.247175+00:00 ERROR 'ansible_navigator.actions.collections._build_collection_content_menu' error loading plugin doc {'path': 'plugins/modules/workflow_job_template.py', 'type': 'module'}
2024-11-07T19:38:50.247197+00:00 ERROR 'ansible_navigator.actions.collections._build_collection_content_menu' error loading plugin doc {'path': 'plugins/modules/workflow_job_template_node.py', 'type': 'module'}
2024-11-07T19:38:50.247218+00:00 ERROR 'ansible_navigator.actions.collections._build_collection_content_menu' error loading plugin doc {'path': 'plugins/modules/workflow_launch.py', 'type': 'module'}
2024-11-07T19:38:50.247242+00:00 ERROR 'ansible_navigator.actions.collections._build_collection_content_menu' error loading plugin doc {'path': 'plugins/modules/workflow_node_wait.py', 'type': 'module'}
